<?xml version="1.0" encoding="UTF-8"?>
<testng-results ignored="0" total="1" passed="1" failed="0" skipped="0">
  <reporter-output>
  </reporter-output>
  <suite started-at="2021-06-13T00:48:37 IST" name="Default suite" finished-at="2021-06-13T00:49:34 IST" duration-ms="57410">
    <groups>
    </groups>
    <test started-at="2021-06-13T00:48:37 IST" name="Default test" finished-at="2021-06-13T00:49:34 IST" duration-ms="57410">
      <class name="supernova_project.AssignmentTYSS100621">
        <test-method signature="assignmenttyss()[pri:0, instance:supernova_project.AssignmentTYSS100621@56de5251]" started-at="2021-06-13T00:48:37 IST" name="assignmenttyss" finished-at="2021-06-13T00:49:34 IST" duration-ms="57249" status="PASS">
          <reporter-output>
          </reporter-output>
        </test-method> <!-- assignmenttyss -->
      </class> <!-- supernova_project.AssignmentTYSS100621 -->
    </test> <!-- Default test -->
  </suite> <!-- Default suite -->
</testng-results>
