<?xml version="1.0" encoding="UTF-8"?>
<testng-results ignored="0" total="1" passed="1" failed="0" skipped="0">
  <reporter-output>
  </reporter-output>
  <suite started-at="2021-05-06T12:51:25 IST" name="Default suite" finished-at="2021-05-06T12:53:29 IST" duration-ms="123489">
    <groups>
      <group name="regression">
        <method signature="TC_15_createoppurtunitywithsalesstagevaluepropositionTest.createoppwithsalesstagevalueproposition()[pri:0, instance:com.crm.vtiger.Testscripts.TC_15_createoppurtunitywithsalesstagevaluepropositionTest@5ccddd20]" name="createoppwithsalesstagevalueproposition" class="com.crm.vtiger.Testscripts.TC_15_createoppurtunitywithsalesstagevaluepropositionTest"/>
      </group> <!-- regression -->
    </groups>
    <test started-at="2021-05-06T12:51:25 IST" name="Default test" finished-at="2021-05-06T12:53:29 IST" duration-ms="123489">
      <class name="com.crm.vtiger.Testscripts.TC_15_createoppurtunitywithsalesstagevaluepropositionTest">
        <test-method is-config="true" signature="openbrowser()[pri:0, instance:com.crm.vtiger.Testscripts.TC_15_createoppurtunitywithsalesstagevaluepropositionTest@5ccddd20]" started-at="2021-05-06T12:51:25 IST" name="openbrowser" finished-at="2021-05-06T12:51:54 IST" duration-ms="29064" status="PASS">
          <reporter-output>
          </reporter-output>
        </test-method> <!-- openbrowser -->
        <test-method is-config="true" signature="login()[pri:0, instance:com.crm.vtiger.Testscripts.TC_15_createoppurtunitywithsalesstagevaluepropositionTest@5ccddd20]" started-at="2021-05-06T12:51:54 IST" name="login" finished-at="2021-05-06T12:52:12 IST" duration-ms="17608" status="PASS">
          <reporter-output>
          </reporter-output>
        </test-method> <!-- login -->
        <test-method signature="createoppwithsalesstagevalueproposition()[pri:0, instance:com.crm.vtiger.Testscripts.TC_15_createoppurtunitywithsalesstagevaluepropositionTest@5ccddd20]" started-at="2021-05-06T12:52:12 IST" name="createoppwithsalesstagevalueproposition" finished-at="2021-05-06T12:53:22 IST" duration-ms="69673" status="PASS">
          <reporter-output>
          </reporter-output>
        </test-method> <!-- createoppwithsalesstagevalueproposition -->
        <test-method is-config="true" signature="logout()[pri:0, instance:com.crm.vtiger.Testscripts.TC_15_createoppurtunitywithsalesstagevaluepropositionTest@5ccddd20]" started-at="2021-05-06T12:53:22 IST" name="logout" finished-at="2021-05-06T12:53:27 IST" duration-ms="5144" status="PASS">
          <reporter-output>
          </reporter-output>
        </test-method> <!-- logout -->
        <test-method is-config="true" signature="closebrowser()[pri:0, instance:com.crm.vtiger.Testscripts.TC_15_createoppurtunitywithsalesstagevaluepropositionTest@5ccddd20]" started-at="2021-05-06T12:53:27 IST" name="closebrowser" finished-at="2021-05-06T12:53:29 IST" duration-ms="1722" status="PASS">
          <reporter-output>
          </reporter-output>
        </test-method> <!-- closebrowser -->
      </class> <!-- com.crm.vtiger.Testscripts.TC_15_createoppurtunitywithsalesstagevaluepropositionTest -->
    </test> <!-- Default test -->
  </suite> <!-- Default suite -->
</testng-results>
