<?xml version="1.0" encoding="UTF-8"?>
<!-- Generated by org.testng.reporters.JUnitXMLReporter -->
<testsuite ignored="4" hostname="LAPTOP-52IM29O2" failures="0" tests="1" name="Test" time="135.091" errors="0" timestamp="2021-05-08T18:32:59 IST">
  <testcase classname="com.crm.vtiger.Testscripts.TC_11_createoppurtunitywithcampaignsourceTest" name="createoppurtunitywithcampsrc" time="61.358"/>
  <testcase classname="com.crm.vtiger.Testscripts.TC_14_createoppurtunitywithsalesstageneedanalysisTest" name="createoppuwithsalesstageneedanal" time="0.0">
    <ignored/>
  </testcase> <!-- createoppuwithsalesstageneedanal -->
  <testcase classname="com.crm.vtiger.Testscripts.TC_13_createoppurtunitywithsalesstagequalificationTest" name="creatopptwithsalesstagequal" time="0.0">
    <ignored/>
  </testcase> <!-- creatopptwithsalesstagequal -->
  <testcase classname="com.crm.vtiger.Testscripts.TC_15_createoppurtunitywithsalesstagevaluepropositionTest" name="createoppwithsalesstagevalueproposition" time="0.0">
    <ignored/>
  </testcase> <!-- createoppwithsalesstagevalueproposition -->
  <testcase classname="com.crm.vtiger.Testscripts.TC_12_createoppurtunitywithsalesstageprospectingTest" name="createoppwithsaleprospecting" time="0.0">
    <ignored/>
  </testcase> <!-- createoppwithsaleprospecting -->
</testsuite> <!-- Test -->
